<?xml version="1.0" encoding="UTF-8"?>
<!-- Generated by org.testng.reporters.JUnitXMLReporter -->
<testsuite ignored="1" hostname="DESKTOP-SDU7F7J" failures="0" tests="1" name="Default test" time="3.029" errors="0" timestamp="2024-03-17T13:11:23 IST">
  <testcase classname="org.excelreadwrite.ExcelReadWrite" name="excelRead" time="2.907"/>
  <testcase classname="org.excelreadwrite.ExcelReadWrite" name="excelWrite" time="0.0">
    <ignored/>
  </testcase> <!-- excelWrite -->
</testsuite> <!-- Default test -->
