<?xml version="1.0" encoding="UTF-8"?>
<testng-results ignored="0" total="1" passed="1" failed="0" skipped="0">
  <reporter-output>
  </reporter-output>
  <suite started-at="2024-03-17T13:11:19 IST" name="Default suite" finished-at="2024-03-17T13:11:22 IST" duration-ms="3029">
    <groups>
    </groups>
    <test started-at="2024-03-17T13:11:19 IST" name="Default test" finished-at="2024-03-17T13:11:22 IST" duration-ms="3029">
      <class name="org.excelreadwrite.ExcelReadWrite">
        <test-method signature="excelRead()[pri:0, instance:org.excelreadwrite.ExcelReadWrite@7c24b813]" started-at="2024-03-17T13:11:19 IST" name="excelRead" finished-at="2024-03-17T13:11:22 IST" duration-ms="2907" status="PASS">
          <reporter-output>
          </reporter-output>
        </test-method> <!-- excelRead -->
      </class> <!-- org.excelreadwrite.ExcelReadWrite -->
    </test> <!-- Default test -->
  </suite> <!-- Default suite -->
</testng-results>
